<?xml version="1.0" encoding="UTF-8"?>
<!-- Generated by org.testng.reporters.JUnitReportReporter -->
<testsuite skipped="0" hostname="edwinndonga-HP-Pavilion-Notebook" name="testcases.LoginPageTest" tests="1" failures="0" timestamp="30 Dec 2018 20:13:19 GMT" time="6.215" errors="0">
  <testcase name="validateLoginPageTitleTest" time="6.215" classname="testcases.LoginPageTest"/>
</testsuite> <!-- testcases.LoginPageTest -->
